0 info it worked if it ends with ok
1 verbose cli [ 'node', '/usr/bin/npm', 'install' ]
2 info using npm@2.9.0
3 info using node@v0.10.37
4 verbose node symlink /usr/bin/node
5 verbose readDependencies loading dependencies from /vagrant/www/node/package.json
6 warn package.json node@0.0.0 No repository field.
7 warn package.json node@0.0.0 No README data
8 verbose install where, deps [ '/vagrant/www/node',
8 verbose install   [ 'express', 'mongodb', 'mongoose', 'socket.io' ] ]
9 verbose install where, peers [ '/vagrant/www/node', [] ]
10 verbose installManyTop reading for lifecycle /vagrant/www/node/package.json
11 info preinstall node@0.0.0
12 verbose readDependencies loading dependencies from /vagrant/www/node/package.json
13 silly cache add args [ 'express@^4.4.4', null ]
14 verbose cache add spec express@^4.4.4
15 silly cache add args [ 'mongodb@^1.4.7', null ]
16 verbose cache add spec mongodb@^1.4.7
17 silly cache add parsed spec { raw: 'express@^4.4.4',
17 silly cache add   scope: null,
17 silly cache add   name: 'express',
17 silly cache add   rawSpec: '^4.4.4',
17 silly cache add   spec: '>=4.4.4 <5.0.0',
17 silly cache add   type: 'range' }
18 silly addNamed express@>=4.4.4 <5.0.0
19 verbose addNamed ">=4.4.4 <5.0.0" is a valid semver range for express
20 silly addNameRange { name: 'express', range: '>=4.4.4 <5.0.0', hasData: false }
21 silly mapToRegistry name express
22 silly mapToRegistry using default registry
23 silly mapToRegistry registry https://registry.npmjs.org/
24 silly mapToRegistry uri https://registry.npmjs.org/express
25 verbose addNameRange registry:https://registry.npmjs.org/express not in flight; fetching
26 silly cache add parsed spec { raw: 'mongodb@^1.4.7',
26 silly cache add   scope: null,
26 silly cache add   name: 'mongodb',
26 silly cache add   rawSpec: '^1.4.7',
26 silly cache add   spec: '>=1.4.7 <2.0.0',
26 silly cache add   type: 'range' }
27 silly addNamed mongodb@>=1.4.7 <2.0.0
28 verbose addNamed ">=1.4.7 <2.0.0" is a valid semver range for mongodb
29 silly addNameRange { name: 'mongodb', range: '>=1.4.7 <2.0.0', hasData: false }
30 silly mapToRegistry name mongodb
31 silly mapToRegistry using default registry
32 silly mapToRegistry registry https://registry.npmjs.org/
33 silly mapToRegistry uri https://registry.npmjs.org/mongodb
34 verbose addNameRange registry:https://registry.npmjs.org/mongodb not in flight; fetching
35 silly cache add args [ 'mongoose@^3.8.12', null ]
36 verbose cache add spec mongoose@^3.8.12
37 silly cache add parsed spec { raw: 'mongoose@^3.8.12',
37 silly cache add   scope: null,
37 silly cache add   name: 'mongoose',
37 silly cache add   rawSpec: '^3.8.12',
37 silly cache add   spec: '>=3.8.12 <4.0.0',
37 silly cache add   type: 'range' }
38 silly addNamed mongoose@>=3.8.12 <4.0.0
39 verbose addNamed ">=3.8.12 <4.0.0" is a valid semver range for mongoose
40 silly addNameRange { name: 'mongoose', range: '>=3.8.12 <4.0.0', hasData: false }
41 silly mapToRegistry name mongoose
42 silly mapToRegistry using default registry
43 silly mapToRegistry registry https://registry.npmjs.org/
44 silly mapToRegistry uri https://registry.npmjs.org/mongoose
45 verbose addNameRange registry:https://registry.npmjs.org/mongoose not in flight; fetching
46 silly cache add args [ 'socket.io@1.0.6', null ]
47 verbose cache add spec socket.io@1.0.6
48 silly cache add parsed spec { raw: 'socket.io@1.0.6',
48 silly cache add   scope: null,
48 silly cache add   name: 'socket.io',
48 silly cache add   rawSpec: '1.0.6',
48 silly cache add   spec: '1.0.6',
48 silly cache add   type: 'version' }
49 silly addNamed socket.io@1.0.6
50 verbose addNamed "1.0.6" is a plain semver version for socket.io
51 silly mapToRegistry name socket.io
52 silly mapToRegistry using default registry
53 silly mapToRegistry registry https://registry.npmjs.org/
54 silly mapToRegistry uri https://registry.npmjs.org/socket.io
55 verbose addNameVersion registry:https://registry.npmjs.org/socket.io not in flight; fetching
56 verbose request uri https://registry.npmjs.org/socket.io
57 verbose request no auth needed
58 info attempt registry request try #1 at 08:49:16
59 verbose request id 1d37c4c6e9c07dab
60 verbose etag "7UEN4OQ27IZWZ4RUIXYXME2DL"
61 http request GET https://registry.npmjs.org/socket.io
62 verbose request uri https://registry.npmjs.org/express
63 verbose request no auth needed
64 info attempt registry request try #1 at 08:49:16
65 verbose etag "8DSP5M0PY0JCUE1VSPFFP4PDG"
66 http request GET https://registry.npmjs.org/express
67 verbose request uri https://registry.npmjs.org/mongoose
68 verbose request no auth needed
69 info attempt registry request try #1 at 08:49:16
70 verbose etag "70EOEYXF51I8XQVKLQC032AUY"
71 http request GET https://registry.npmjs.org/mongoose
72 verbose request uri https://registry.npmjs.org/mongodb
73 verbose request no auth needed
74 info attempt registry request try #1 at 08:49:16
75 verbose etag "BE4KHOMZNR6KBQVS0F0NXEWO1"
76 http request GET https://registry.npmjs.org/mongodb
77 http 200 https://registry.npmjs.org/socket.io
78 silly get cb [ 200,
78 silly get   { server: 'CouchDB/1.5.0 (Erlang OTP/R16B03)',
78 silly get     etag: '"38U2QIHSAE6NNQ7G7CHH0GHD2"',
78 silly get     'content-type': 'application/json',
78 silly get     'cache-control': 'max-age=60',
78 silly get     'content-length': '113595',
78 silly get     'accept-ranges': 'bytes',
78 silly get     date: 'Fri, 04 Sep 2015 08:49:17 GMT',
78 silly get     via: '1.1 varnish',
78 silly get     age: '3',
78 silly get     connection: 'keep-alive',
78 silly get     'x-served-by': 'cache-fra1226-FRA',
78 silly get     'x-cache': 'HIT',
78 silly get     'x-cache-hits': '1',
78 silly get     'x-timer': 'S1441356557.237987,VS0,VE0',
78 silly get     vary: 'Accept' } ]
79 verbose get saving socket.io to /home/vagrant/.npm/registry.npmjs.org/socket.io/.cache.json
80 silly mapToRegistry name socket.io
81 silly mapToRegistry using default registry
82 silly mapToRegistry registry https://registry.npmjs.org/
83 silly mapToRegistry uri https://registry.npmjs.org/socket.io
84 verbose addRemoteTarball https://registry.npmjs.org/socket.io/-/socket.io-1.0.6.tgz not in flight; adding
85 verbose addRemoteTarball [ 'https://registry.npmjs.org/socket.io/-/socket.io-1.0.6.tgz',
85 verbose addRemoteTarball   'b566532888dae3ac9058a12f294015ebdfa8084a' ]
86 info retry fetch attempt 1 at 08:49:17
87 info attempt registry request try #1 at 08:49:17
88 http fetch GET https://registry.npmjs.org/socket.io/-/socket.io-1.0.6.tgz
89 http 200 https://registry.npmjs.org/mongoose
90 silly get cb [ 200,
90 silly get   { server: 'CouchDB/1.5.0 (Erlang OTP/R16B03)',
90 silly get     etag: '"AY8HGV1N9D822INE0YP3CPJ9P"',
90 silly get     'content-type': 'application/json',
90 silly get     'cache-control': 'max-age=60',
90 silly get     'content-length': '353092',
90 silly get     'accept-ranges': 'bytes',
90 silly get     date: 'Fri, 04 Sep 2015 08:49:17 GMT',
90 silly get     via: '1.1 varnish',
90 silly get     age: '40',
90 silly get     connection: 'keep-alive',
90 silly get     'x-served-by': 'cache-fra1236-FRA',
90 silly get     'x-cache': 'HIT',
90 silly get     'x-cache-hits': '1',
90 silly get     'x-timer': 'S1441356557.211643,VS0,VE1',
90 silly get     vary: 'Accept' } ]
91 verbose get saving mongoose to /home/vagrant/.npm/registry.npmjs.org/mongoose/.cache.json
92 http 200 https://registry.npmjs.org/mongodb
93 silly get cb [ 200,
93 silly get   { server: 'CouchDB/1.5.0 (Erlang OTP/R16B03)',
93 silly get     etag: '"2QTZWRTI939RQ0PMX4P335CXL"',
93 silly get     'content-type': 'application/json',
93 silly get     'cache-control': 'max-age=60',
93 silly get     'content-length': '475449',
93 silly get     'accept-ranges': 'bytes',
93 silly get     date: 'Fri, 04 Sep 2015 08:49:17 GMT',
93 silly get     via: '1.1 varnish',
93 silly get     age: '0',
93 silly get     connection: 'keep-alive',
93 silly get     'x-served-by': 'cache-fra1237-FRA',
93 silly get     'x-cache': 'HIT',
93 silly get     'x-cache-hits': '1',
93 silly get     'x-timer': 'S1441356557.212695,VS0,VE1',
93 silly get     vary: 'Accept' } ]
94 verbose get saving mongodb to /home/vagrant/.npm/registry.npmjs.org/mongodb/.cache.json
95 silly addNameRange number 2 { name: 'mongoose', range: '>=3.8.12 <4.0.0', hasData: true }
96 silly addNameRange versions [ 'mongoose',
96 silly addNameRange   [ '0.0.1',
96 silly addNameRange     '0.0.2',
96 silly addNameRange     '0.0.3',
96 silly addNameRange     '0.0.4',
96 silly addNameRange     '0.0.5',
96 silly addNameRange     '1.0.0',
96 silly addNameRange     '1.0.1',
96 silly addNameRange     '1.0.2',
96 silly addNameRange     '0.0.6',
96 silly addNameRange     '1.0.3',
96 silly addNameRange     '1.0.4',
96 silly addNameRange     '1.0.5',
96 silly addNameRange     '1.0.6',
96 silly addNameRange     '1.0.7',
96 silly addNameRange     '1.0.8',
96 silly addNameRange     '1.0.10',
96 silly addNameRange     '1.0.11',
96 silly addNameRange     '1.0.12',
96 silly addNameRange     '1.0.13',
96 silly addNameRange     '1.0.14',
96 silly addNameRange     '1.0.15',
96 silly addNameRange     '1.0.16',
96 silly addNameRange     '1.1.0',
96 silly addNameRange     '1.1.1',
96 silly addNameRange     '1.1.2',
96 silly addNameRange     '1.1.3',
96 silly addNameRange     '1.1.4',
96 silly addNameRange     '1.1.5',
96 silly addNameRange     '1.1.6',
96 silly addNameRange     '1.1.7',
96 silly addNameRange     '1.1.8',
96 silly addNameRange     '1.1.9',
96 silly addNameRange     '1.1.10',
96 silly addNameRange     '1.1.11',
96 silly addNameRange     '1.1.12',
96 silly addNameRange     '1.1.13',
96 silly addNameRange     '1.1.14',
96 silly addNameRange     '1.1.15',
96 silly addNameRange     '1.1.16',
96 silly addNameRange     '1.1.17',
96 silly addNameRange     '1.1.18',
96 silly addNameRange     '1.1.19',
96 silly addNameRange     '1.1.20',
96 silly addNameRange     '1.1.21',
96 silly addNameRange     '1.1.22',
96 silly addNameRange     '1.1.23',
96 silly addNameRange     '1.1.24',
96 silly addNameRange     '1.1.25',
96 silly addNameRange     '1.2.0',
96 silly addNameRange     '1.3.0',
96 silly addNameRange     '1.3.1',
96 silly addNameRange     '1.3.2',
96 silly addNameRange     '1.3.3',
96 silly addNameRange     '1.3.4',
96 silly addNameRange     '1.3.5',
96 silly addNameRange     '1.3.6',
96 silly addNameRange     '1.3.7',
96 silly addNameRange     '1.4.0',
96 silly addNameRange     '1.5.0',
96 silly addNameRange     '1.6.0',
96 silly addNameRange     '1.7.2',
96 silly addNameRange     '1.7.3',
96 silly addNameRange     '1.7.4',
96 silly addNameRange     '1.8.0',
96 silly addNameRange     '1.8.1',
96 silly addNameRange     '1.8.2',
96 silly addNameRange     '1.8.3',
96 silly addNameRange     '1.8.4',
96 silly addNameRange     '2.0.0',
96 silly addNameRange     '2.0.1',
96 silly addNameRange     '2.0.2',
96 silly addNameRange     '2.0.3',
96 silly addNameRange     '2.0.4',
96 silly addNameRange     '2.1.0',
96 silly addNameRange     '2.1.1',
96 silly addNameRange     '2.1.2',
96 silly addNameRange     '2.1.3',
96 silly addNameRange     '2.1.4',
96 silly addNameRange     '2.2.0',
96 silly addNameRange     '2.2.1',
96 silly addNameRange     '2.2.2',
96 silly addNameRange     '2.2.3',
96 silly addNameRange     '2.2.4',
96 silly addNameRange     '2.3.0',
96 silly addNameRange     '2.3.1',
96 silly addNameRange     '2.3.2',
96 silly addNameRange     '2.3.3',
96 silly addNameRange     '2.3.4',
96 silly addNameRange     '2.3.5',
96 silly addNameRange     '2.3.6',
96 silly addNameRange     '2.3.7',
96 silly addNameRange     '2.3.8',
96 silly addNameRange     '2.3.9',
96 silly addNameRange     '2.3.10',
96 silly addNameRange     '2.3.11',
96 silly addNameRange     '2.3.12',
96 silly addNameRange     '2.3.13',
96 silly addNameRange     '2.4.0',
96 silly addNameRange     '2.4.1',
96 silly addNameRange     '2.4.2',
96 silly addNameRange     '2.4.3',
96 silly addNameRange     '2.4.4',
96 silly addNameRange     '2.4.5',
96 silly addNameRange     '2.4.6',
96 silly addNameRange     '2.4.7',
96 silly addNameRange     '2.4.8',
96 silly addNameRange     '2.4.9',
96 silly addNameRange     '2.4.10',
96 silly addNameRange     '2.5.0',
96 silly addNameRange     '2.5.1',
96 silly addNameRange     '2.5.2',
96 silly addNameRange     '2.5.3',
96 silly addNameRange     '2.5.4',
96 silly addNameRange     '2.5.5',
96 silly addNameRange     '2.5.6',
96 silly addNameRange     '2.5.7',
96 silly addNameRange     '2.5.8',
96 silly addNameRange     '2.5.9',
96 silly addNameRange     '2.5.10',
96 silly addNameRange     '2.5.11',
96 silly addNameRange     '2.5.12',
96 silly addNameRange     '2.5.13',
96 silly addNameRange     '2.5.14',
96 silly addNameRange     '2.6.0',
96 silly addNameRange     '2.6.1',
96 silly addNameRange     '2.6.2',
96 silly addNameRange     '2.6.3',
96 silly addNameRange     '2.6.4',
96 silly addNameRange     '2.6.5',
96 silly addNameRange     '2.6.6',
96 silly addNameRange     '2.6.7',
96 silly addNameRange     '2.6.8',
96 silly addNameRange     '2.7.0',
96 silly addNameRange     '2.7.1',
96 silly addNameRange     '2.7.2',
96 silly addNameRange     '2.7.4',
96 silly addNameRange     '2.7.3',
96 silly addNameRange     '3.0.0',
96 silly addNameRange     '3.0.1',
96 silly addNameRange     '3.0.2',
96 silly addNameRange     '2.8.0',
96 silly addNameRange     '3.0.3',
96 silly addNameRange     '3.1.0',
96 silly addNameRange     '2.8.1',
96 silly addNameRange     '3.1.1',
96 silly addNameRange     '2.8.2',
96 silly addNameRange     '2.8.3',
96 silly addNameRange     '2.9.0',
96 silly addNameRange     '3.2.0',
96 silly addNameRange     '2.9.1',
96 silly addNameRange     '3.2.1',
96 silly addNameRange     '2.9.2',
96 silly addNameRange     '3.2.2',
96 silly addNameRange     '3.3.0',
96 silly addNameRange     '3.3.1',
96 silly addNameRange     '2.9.3',
96 silly addNameRange     '3.4.0',
96 silly addNameRange     '2.9.4',
96 silly addNameRange     '2.9.5',
96 silly addNameRange     '3.5.0',
96 silly addNameRange     '3.5.1',
96 silly addNameRange     '3.5.2',
96 silly addNameRange     '3.5.3',
96 silly addNameRange     '2.9.6',
96 silly addNameRange     '2.9.7',
96 silly addNameRange     '3.5.4',
96 silly addNameRange     '3.5.5',
96 silly addNameRange     '2.9.8',
96 silly addNameRange     '2.9.9',
96 silly addNameRange     '3.5.6',
96 silly addNameRange     '3.5.7',
96 silly addNameRange     '3.5.8',
96 silly addNameRange     '2.9.10',
96 silly addNameRange     '3.5.9',
96 silly addNameRange     '3.6.2',
96 silly addNameRange     '3.5.10',
96 silly addNameRange     '3.6.3',
96 silly addNameRange     '3.5.11',
96 silly addNameRange     '3.6.4',
96 silly addNameRange     '3.6.5',
96 silly addNameRange     '3.6.6',
96 silly addNameRange     '3.6.7',
96 silly addNameRange     '3.5.12',
96 silly addNameRange     '3.6.8',
96 silly addNameRange     '3.6.9',
96 silly addNameRange     '3.6.10',
96 silly addNameRange     '3.5.13',
96 silly addNameRange     '3.5.14',
96 silly addNameRange     '3.6.11',
96 silly addNameRange     '3.6.12',
96 silly addNameRange     '3.6.13',
96 silly addNameRange     '3.6.14',
96 silly addNameRange     '3.6.15',
96 silly addNameRange     '3.5.15',
96 silly addNameRange     '3.7.0',
96 silly addNameRange     '3.6.16',
96 silly addNameRange     '3.5.16',
96 silly addNameRange     '3.6.17',
96 silly addNameRange     '3.7.2',
96 silly addNameRange     '3.0.0-alpha1',
96 silly addNameRange     '3.0.0-alpha2',
96 silly addNameRange     '3.0.0-rc0',
96 silly addNameRange     '3.6.0-rc0',
96 silly addNameRange     '3.6.0-rc1',
96 silly addNameRange     '3.6.18',
96 silly addNameRange     '3.7.3',
96 silly addNameRange     '3.6.19',
96 silly addNameRange     '3.6.20',
96 silly addNameRange     '3.7.4',
96 silly addNameRange     '3.8.0',
96 silly addNameRange     '3.8.1',
96 silly addNameRange     '3.8.2',
96 silly addNameRange     '3.8.3',
96 silly addNameRange     '3.8.4',
96 silly addNameRange     '3.8.5',
96 silly addNameRange     '3.8.6',
96 silly addNameRange     '3.8.7',
96 silly addNameRange     '3.8.8',
96 silly addNameRange     '3.8.9',
96 silly addNameRange     '3.8.10',
96 silly addNameRange     '3.8.11',
96 silly addNameRange     '3.9.0',
96 silly addNameRange     '3.8.12',
96 silly addNameRange     '3.8.13',
96 silly addNameRange     '3.8.14',
96 silly addNameRange     '3.8.15',
96 silly addNameRange     '3.9.1',
96 silly addNameRange     '3.8.16',
96 silly addNameRange     '3.9.2',
96 silly addNameRange     '3.8.17',
96 silly addNameRange     '3.9.3',
96 silly addNameRange     '3.8.18',
96 silly addNameRange     '3.9.4',
96 silly addNameRange     '3.8.19',
96 silly addNameRange     '3.9.5',
96 silly addNameRange     '3.8.20',
96 silly addNameRange     '3.9.6',
96 silly addNameRange     '3.8.21',
96 silly addNameRange     '3.9.7',
96 silly addNameRange     '3.8.22',
96 silly addNameRange     '4.0.0-rc0',
96 silly addNameRange     '4.0.0-rc1',
96 silly addNameRange     '3.8.23',
96 silly addNameRange     '4.0.0-rc2',
96 silly addNameRange     '3.8.24',
96 silly addNameRange     '4.0.0-rc3',
96 silly addNameRange     '3.8.25',
96 silly addNameRange     '4.0.0-rc4',
96 silly addNameRange     '4.0.0',
96 silly addNameRange     '4.0.1',
96 silly addNameRange     '3.8.26',
96 silly addNameRange     '3.8.27',
96 silly addNameRange     '4.0.2',
96 silly addNameRange     '3.8.28',
96 silly addNameRange     '4.0.3',
96 silly addNameRange     '3.8.29',
96 silly addNameRange     '4.0.4',
96 silly addNameRange     '3.8.30',
96 silly addNameRange     '4.0.5',
96 silly addNameRange     '3.8.31',
96 silly addNameRange     '4.0.6',
96 silly addNameRange     '3.8.33',
96 silly addNameRange     '4.0.7',
96 silly addNameRange     '3.8.34',
96 silly addNameRange     '4.0.8',
96 silly addNameRange     '4.1.0',
96 silly addNameRange     '4.1.1',
96 silly addNameRange     '4.1.2',
96 silly addNameRange     '3.8.35',
96 silly addNameRange     '4.1.3',
96 silly addNameRange     '4.1.5' ] ]
97 silly addNamed mongoose@3.9.7
98 verbose addNamed "3.9.7" is a plain semver version for mongoose
99 http 200 https://registry.npmjs.org/express
100 silly get cb [ 200,
100 silly get   { server: 'CouchDB/1.5.0 (Erlang OTP/R16B03)',
100 silly get     etag: '"9MWNWJ444A7E7PHHLAFE8WUTJ"',
100 silly get     'content-type': 'application/json',
100 silly get     'cache-control': 'max-age=60',
100 silly get     'content-length': '526472',
100 silly get     'accept-ranges': 'bytes',
100 silly get     date: 'Fri, 04 Sep 2015 08:49:17 GMT',
100 silly get     via: '1.1 varnish',
100 silly get     age: '3',
100 silly get     connection: 'keep-alive',
100 silly get     'x-served-by': 'cache-fra1227-FRA',
100 silly get     'x-cache': 'HIT',
100 silly get     'x-cache-hits': '1',
100 silly get     'x-timer': 'S1441356557.238196,VS0,VE2',
100 silly get     vary: 'Accept' } ]
101 verbose get saving express to /home/vagrant/.npm/registry.npmjs.org/express/.cache.json
102 http fetch 200 https://registry.npmjs.org/socket.io/-/socket.io-1.0.6.tgz
103 silly addNameRange number 2 { name: 'mongodb', range: '>=1.4.7 <2.0.0', hasData: true }
104 silly addNameRange versions [ 'mongodb',
104 silly addNameRange   [ '0.9.4',
104 silly addNameRange     '0.9.4-4',
104 silly addNameRange     '0.9.3',
104 silly addNameRange     '0.9.1',
104 silly addNameRange     '0.9.2',
104 silly addNameRange     '0.9.6-7',
104 silly addNameRange     '0.9.6-8',
104 silly addNameRange     '0.9.6-9',
104 silly addNameRange     '0.9.6-10',
104 silly addNameRange     '0.9.6-11',
104 silly addNameRange     '0.9.6-12',
104 silly addNameRange     '0.9.6-13',
104 silly addNameRange     '0.9.6-14',
104 silly addNameRange     '0.9.6-15',
104 silly addNameRange     '0.9.6-16',
104 silly addNameRange     '0.9.6-17',
104 silly addNameRange     '0.9.6-18',
104 silly addNameRange     '0.9.6-19',
104 silly addNameRange     '0.9.6-20',
104 silly addNameRange     '0.9.6-21',
104 silly addNameRange     '0.9.6-22',
104 silly addNameRange     '0.9.6-23',
104 silly addNameRange     '0.9.7',
104 silly addNameRange     '0.9.7-0',
104 silly addNameRange     '0.9.7-1',
104 silly addNameRange     '0.9.7-1.1',
104 silly addNameRange     '0.9.7-1.2',
104 silly addNameRange     '0.9.7-1.3',
104 silly addNameRange     '0.9.7-1.4',
104 silly addNameRange     '0.9.7-2',
104 silly addNameRange     '0.9.7-2-1',
104 silly addNameRange     '0.9.7-2-2',
104 silly addNameRange     '0.9.7-2-3',
104 silly addNameRange     '0.9.7-2-4',
104 silly addNameRange     '0.9.7-2-5',
104 silly addNameRange     '0.9.7-3',
104 silly addNameRange     '0.9.7-3-1',
104 silly addNameRange     '0.9.7-3-2',
104 silly addNameRange     '0.9.7-3-3',
104 silly addNameRange     '0.9.7-3-4',
104 silly addNameRange     '0.9.7-3-5',
104 silly addNameRange     '0.9.8',
104 silly addNameRange     '0.9.8-1',
104 silly addNameRange     '0.9.8-2',
104 silly addNameRange     '0.9.8-3',
104 silly addNameRange     '0.9.8-4',
104 silly addNameRange     '0.9.8-5',
104 silly addNameRange     '0.9.8-6',
104 silly addNameRange     '0.9.8-7',
104 silly addNameRange     '0.9.9',
104 silly addNameRange     '0.9.9-1',
104 silly addNameRange     '0.9.9-2',
104 silly addNameRange     '0.9.9-3',
104 silly addNameRange     '0.9.9-4',
104 silly addNameRange     '0.9.9-5',
104 silly addNameRange     '0.9.9-6',
104 silly addNameRange     '0.9.9-7',
104 silly addNameRange     '0.9.9-8',
104 silly addNameRange     '1.0.0',
104 silly addNameRange     '1.0.1',
104 silly addNameRange     '1.0.2',
104 silly addNameRange     '1.1.0-beta',
104 silly addNameRange     '1.1.0',
104 silly addNameRange     '1.1.1',
104 silly addNameRange     '1.1.2',
104 silly addNameRange     '1.1.3',
104 silly addNameRange     '1.1.4',
104 silly addNameRange     '1.1.5',
104 silly addNameRange     '1.1.6',
104 silly addNameRange     '1.1.7',
104 silly addNameRange     '1.1.8',
104 silly addNameRange     '1.1.9',
104 silly addNameRange     '1.1.10',
104 silly addNameRange     '1.1.11',
104 silly addNameRange     '1.2.0',
104 silly addNameRange     '1.2.1',
104 silly addNameRange     '1.2.2',
104 silly addNameRange     '1.2.3',
104 silly addNameRange     '1.2.4',
104 silly addNameRange     '1.2.5',
104 silly addNameRange     '1.2.6',
104 silly addNameRange     '1.2.7',
104 silly addNameRange     '1.2.8',
104 silly addNameRange     '1.2.9',
104 silly addNameRange     '1.2.10',
104 silly addNameRange     '1.2.11',
104 silly addNameRange     '1.2.12',
104 silly addNameRange     '1.2.13',
104 silly addNameRange     '1.2.14',
104 silly addNameRange     '1.3.0',
104 silly addNameRange     '1.3.1',
104 silly addNameRange     '1.3.2',
104 silly addNameRange     '1.3.3',
104 silly addNameRange     '1.3.4',
104 silly addNameRange     '1.3.5',
104 silly addNameRange     '1.3.6',
104 silly addNameRange     '1.3.7',
104 silly addNameRange     '1.3.8',
104 silly addNameRange     '1.3.9',
104 silly addNameRange     '1.3.10',
104 silly addNameRange     '1.3.11',
104 silly addNameRange     '1.3.12',
104 silly addNameRange     '1.3.14',
104 silly addNameRange     '1.3.15',
104 silly addNameRange     '1.3.17',
104 silly addNameRange     '1.3.18',
104 silly addNameRange     '1.3.19',
104 silly addNameRange     '1.4.0-rc2',
104 silly addNameRange     '1.3.20',
104 silly addNameRange     '1.4.0-rc3',
104 silly addNameRange     '1.3.21',
104 silly addNameRange     '1.3.22',
104 silly addNameRange     '1.3.23',
104 silly addNameRange     '1.4.0-rc4',
104 silly addNameRange     '1.4.0-rc5',
104 silly addNameRange     '1.4.0-rc6',
104 silly addNameRange     '1.4.0-rc7',
104 silly addNameRange     '1.4.0-rc8',
104 silly addNameRange     '1.4.0-rc9',
104 silly addNameRange     '1.4.0-rc10',
104 silly addNameRange     '1.4.0',
104 silly addNameRange     '1.4.1',
104 silly addNameRange     '1.4.2',
104 silly addNameRange     '1.4.3',
104 silly addNameRange     '1.4.4',
104 silly addNameRange     '1.4.5',
104 silly addNameRange     '1.4.6',
104 silly addNameRange     '1.4.7',
104 silly addNameRange     '1.4.8',
104 silly addNameRange     '1.4.9',
104 silly addNameRange     '1.4.10',
104 silly addNameRange     '2.0.0-alpha1',
104 silly addNameRange     '1.4.11',
104 silly addNameRange     '1.4.12',
104 silly addNameRange     '1.4.14',
104 silly addNameRange     '1.4.15',
104 silly addNameRange     '1.4.16',
104 silly addNameRange     '1.4.17',
104 silly addNameRange     '2.0.0-alpha2',
104 silly addNameRange     '1.4.18',
104 silly addNameRange     '2.0.0',
104 silly addNameRange     '2.0.1',
104 silly addNameRange     '2.0.2',
104 silly addNameRange     '1.4.19',
104 silly addNameRange     '2.0.3',
104 silly addNameRange     '2.0.4',
104 silly addNameRange     '2.0.5',
104 silly addNameRange     '2.0.6',
104 silly addNameRange     '1.4.20',
104 silly addNameRange     '1.4.22',
104 silly addNameRange     '2.0.7',
104 silly addNameRange     '2.0.8',
104 silly addNameRange     '2.0.9',
104 silly addNameRange     '1.4.23',
104 silly addNameRange     '2.0.10',
104 silly addNameRange     '1.4.24',
104 silly addNameRange     '2.0.11',
104 silly addNameRange     '1.4.25',
104 silly addNameRange     '2.0.12',
104 silly addNameRange     '1.4.26',
104 silly addNameRange     '1.4.27',
104 silly addNameRange     '1.4.28',
104 silly addNameRange     '2.0.13',
104 silly addNameRange     '2.0.14',
104 silly addNameRange     '1.4.29',
104 silly addNameRange     '2.0.15',
104 silly addNameRange     '1.4.30',
104 silly addNameRange     '2.0.16',
104 silly addNameRange     '1.4.31',
104 silly addNameRange     '2.0.17',
104 silly addNameRange     '1.4.32',
104 silly addNameRange     '2.0.18',
104 silly addNameRange     '2.0.19',
104 silly addNameRange     '1.4.33',
104 silly addNameRange     '2.0.20',
104 silly addNameRange     '2.0.21',
104 silly addNameRange     '1.4.34',
104 silly addNameRange     '2.0.22',
104 silly addNameRange     '2.0.23',
104 silly addNameRange     '1.4.35',
104 silly addNameRange     '2.0.24',
104 silly addNameRange     '2.0.25',
104 silly addNameRange     '2.0.26',
104 silly addNameRange     '2.0.27',
104 silly addNameRange     '2.0.28',
104 silly addNameRange     '2.0.29',
104 silly addNameRange     '1.4.36',
104 silly addNameRange     '2.0.30',
104 silly addNameRange     '1.4.37',
104 silly addNameRange     '2.0.31',
104 silly addNameRange     '1.4.38',
104 silly addNameRange     '2.0.32',
104 silly addNameRange     '2.0.33',
104 silly addNameRange     '2.1.0-alpha',
104 silly addNameRange     '2.0.34',
104 silly addNameRange     '2.0.35',
104 silly addNameRange     '2.0.36',
104 silly addNameRange     '2.0.37',
104 silly addNameRange     '2.0.38',
104 silly addNameRange     '2.0.39',
104 silly addNameRange     '1.4.39',
104 silly addNameRange     '2.0.40',
104 silly addNameRange     '2.0.41',
104 silly addNameRange     '2.0.42' ] ]
105 silly addNamed mongodb@1.4.39
106 verbose addNamed "1.4.39" is a plain semver version for mongodb
107 silly fetchAndShaCheck shasum b566532888dae3ac9058a12f294015ebdfa8084a
108 silly mapToRegistry name mongodb
109 silly mapToRegistry using default registry
110 silly mapToRegistry registry https://registry.npmjs.org/
111 silly mapToRegistry uri https://registry.npmjs.org/mongodb
112 verbose addRemoteTarball https://registry.npmjs.org/mongodb/-/mongodb-1.4.39.tgz not in flight; adding
113 verbose addRemoteTarball [ 'https://registry.npmjs.org/mongodb/-/mongodb-1.4.39.tgz',
113 verbose addRemoteTarball   'f5b25c7f7df06c968cd5d3c68280adc9a6404591' ]
114 silly cache afterAdd mongoose@3.9.7
115 verbose afterAdd /home/vagrant/.npm/mongoose/3.9.7/package/package.json not in flight; writing
116 verbose addTmpTarball /tmp/npm-3983-3a99ba2e/registry.npmjs.org/socket.io/-/socket.io-1.0.6.tgz not in flight; adding
117 verbose addTmpTarball already have metadata; skipping unpack for socket.io@1.0.6
118 info retry fetch attempt 1 at 08:49:18
119 info attempt registry request try #1 at 08:49:18
120 http fetch GET https://registry.npmjs.org/mongodb/-/mongodb-1.4.39.tgz
121 silly addNameRange number 2 { name: 'express', range: '>=4.4.4 <5.0.0', hasData: true }
122 silly addNameRange versions [ 'express',
122 silly addNameRange   [ '0.14.0',
122 silly addNameRange     '0.14.1',
122 silly addNameRange     '1.0.0',
122 silly addNameRange     '1.0.1',
122 silly addNameRange     '1.0.2',
122 silly addNameRange     '1.0.3',
122 silly addNameRange     '1.0.4',
122 silly addNameRange     '1.0.5',
122 silly addNameRange     '1.0.6',
122 silly addNameRange     '1.0.7',
122 silly addNameRange     '1.0.8',
122 silly addNameRange     '2.0.0',
122 silly addNameRange     '2.1.0',
122 silly addNameRange     '2.1.1',
122 silly addNameRange     '2.2.0',
122 silly addNameRange     '2.2.1',
122 silly addNameRange     '2.2.2',
122 silly addNameRange     '2.3.0',
122 silly addNameRange     '2.3.1',
122 silly addNameRange     '2.3.2',
122 silly addNameRange     '2.3.3',
122 silly addNameRange     '2.3.4',
122 silly addNameRange     '2.3.5',
122 silly addNameRange     '2.3.6',
122 silly addNameRange     '2.3.7',
122 silly addNameRange     '2.3.8',
122 silly addNameRange     '2.3.9',
122 silly addNameRange     '2.3.10',
122 silly addNameRange     '2.3.11',
122 silly addNameRange     '2.3.12',
122 silly addNameRange     '2.4.0',
122 silly addNameRange     '2.4.1',
122 silly addNameRange     '2.4.2',
122 silly addNameRange     '2.4.3',
122 silly addNameRange     '2.4.4',
122 silly addNameRange     '2.4.5',
122 silly addNameRange     '2.4.6',
122 silly addNameRange     '2.4.7',
122 silly addNameRange     '2.5.0',
122 silly addNameRange     '2.5.1',
122 silly addNameRange     '2.5.2',
122 silly addNameRange     '2.5.3',
122 silly addNameRange     '2.5.4',
122 silly addNameRange     '2.5.5',
122 silly addNameRange     '2.5.6',
122 silly addNameRange     '2.5.7',
122 silly addNameRange     '2.5.8',
122 silly addNameRange     '2.5.9',
122 silly addNameRange     '2.5.10',
122 silly addNameRange     '2.5.11',
122 silly addNameRange     '3.0.0',
122 silly addNameRange     '3.0.1',
122 silly addNameRange     '3.0.2',
122 silly addNameRange     '3.0.3',
122 silly addNameRange     '3.0.4',
122 silly addNameRange     '3.0.5',
122 silly addNameRange     '3.0.6',
122 silly addNameRange     '3.1.0',
122 silly addNameRange     '3.1.1',
122 silly addNameRange     '3.1.2',
122 silly addNameRange     '3.2.0',
122 silly addNameRange     '3.2.1',
122 silly addNameRange     '3.2.2',
122 silly addNameRange     '3.2.3',
122 silly addNameRange     '3.2.4',
122 silly addNameRange     '3.2.5',
122 silly addNameRange     '3.2.6',
122 silly addNameRange     '3.3.0',
122 silly addNameRange     '3.3.1',
122 silly addNameRange     '3.3.2',
122 silly addNameRange     '3.3.3',
122 silly addNameRange     '3.3.4',
122 silly addNameRange     '3.3.5',
122 silly addNameRange     '3.3.6',
122 silly addNameRange     '1.0.0-beta',
122 silly addNameRange     '1.0.0-beta2',
122 silly addNameRange     '1.0.0-rc',
122 silly addNameRange     '1.0.0-rc2',
122 silly addNameRange     '1.0.0-rc3',
122 silly addNameRange     '1.0.0-rc4',
122 silly addNameRange     '2.0.0-beta',
122 silly addNameRange     '2.0.0-beta2',
122 silly addNameRange     '2.0.0-beta3',
122 silly addNameRange     '2.0.0-rc',
122 silly addNameRange     '2.0.0-rc2',
122 silly addNameRange     '2.0.0-rc3',
122 silly addNameRange     '3.0.0-alpha1',
122 silly addNameRange     '3.0.0-alpha2',
122 silly addNameRange     '3.0.0-alpha3',
122 silly addNameRange     '3.0.0-alpha4',
122 silly addNameRange     '3.0.0-alpha5',
122 silly addNameRange     '3.0.0-beta1',
122 silly addNameRange     '3.0.0-beta2',
122 silly addNameRange     '3.0.0-beta3',
122 silly addNameRange     '3.0.0-beta4',
122 silly addNameRange     '3.0.0-beta6',
122 silly addNameRange     '3.0.0-beta7',
122 silly addNameRange     '3.0.0-rc1',
122 silly addNameRange     '3.0.0-rc2',
122 silly addNameRange     '3.0.0-rc3',
122 silly addNameRange     '3.0.0-rc4',
122 silly addNameRange     '3.0.0-rc5',
122 silly addNameRange     '3.3.7',
122 silly addNameRange     '3.3.8',
122 silly addNameRange     '3.4.0',
122 silly addNameRange     '3.4.1',
122 silly addNameRange     '3.4.2',
122 silly addNameRange     '3.4.3',
122 silly addNameRange     '3.4.4',
122 silly addNameRange     '3.4.5',
122 silly addNameRange     '3.4.6',
122 silly addNameRange     '3.4.7',
122 silly addNameRange     '3.4.8',
122 silly addNameRange     '4.0.0-rc1',
122 silly addNameRange     '4.0.0-rc2',
122 silly addNameRange     '3.5.0',
122 silly addNameRange     '4.0.0-rc3',
122 silly addNameRange     '4.0.0-rc4',
122 silly addNameRange     '3.5.1',
122 silly addNameRange     '4.0.0',
122 silly addNameRange     '3.5.2',
122 silly addNameRange     '4.1.0',
122 silly addNameRange     '4.1.1',
122 silly addNameRange     '3.5.3',
122 silly addNameRange     '4.1.2',
122 silly addNameRange     '3.6.0',
122 silly addNameRange     '4.2.0',
122 silly addNameRange     '3.7.0',
122 silly addNameRange     '3.8.0',
122 silly addNameRange     '4.3.0',
122 silly addNameRange     '4.3.1',
122 silly addNameRange     '3.8.1',
122 silly addNameRange     '4.3.2',
122 silly addNameRange     '3.9.0',
122 silly addNameRange     '4.4.0',
122 silly addNameRange     '4.4.1',
122 silly addNameRange     '3.10.0',
122 silly addNameRange     '3.10.1',
122 silly addNameRange     '3.10.2',
122 silly addNameRange     '3.10.3',
122 silly addNameRange     '3.10.4',
122 silly addNameRange     '4.4.2',
122 silly addNameRange     '3.10.5',
122 silly addNameRange     '4.4.3',
122 silly addNameRange     '3.11.0',
122 silly addNameRange     '4.4.4',
122 silly addNameRange     '3.12.0',
122 silly addNameRange     '3.12.1',
122 silly addNameRange     '4.4.5',
122 silly addNameRange     '3.13.0',
122 silly addNameRange     '4.5.0',
122 silly addNameRange     '4.5.1',
122 silly addNameRange     '3.14.0',
122 silly addNameRange     '4.6.0',
122 silly addNameRange     '4.6.1',
122 silly addNameRange     '3.15.0',
122 silly addNameRange     '4.7.0',
122 silly addNameRange     '3.15.1',
122 silly addNameRange     '4.7.1',
122 silly addNameRange     '3.15.2',
122 silly addNameRange     '4.7.2',
122 silly addNameRange     '4.7.3',
122 silly addNameRange     '3.15.3',
122 silly addNameRange     '4.7.4',
122 silly addNameRange     '3.16.0',
122 silly addNameRange     '4.8.0',
122 silly addNameRange     '3.16.1',
122 silly addNameRange     '4.8.1',
122 silly addNameRange     '3.16.2',
122 silly addNameRange     '4.8.2',
122 silly addNameRange     '3.16.3',
122 silly addNameRange     '3.16.4',
122 silly addNameRange     '4.8.3',
122 silly addNameRange     '3.16.5',
122 silly addNameRange     '3.16.6',
122 silly addNameRange     '4.8.4',
122 silly addNameRange     '3.16.7',
122 silly addNameRange     '4.8.5',
122 silly addNameRange     '3.16.8',
122 silly addNameRange     '4.8.6',
122 silly addNameRange     '3.16.9',
122 silly addNameRange     '4.8.7',
122 silly addNameRange     '3.16.10',
122 silly addNameRange     '4.8.8',
122 silly addNameRange     '3.17.0',
122 silly addNameRange     '3.17.1',
122 silly addNameRange     '4.9.0',
122 silly addNameRange     '3.17.2',
122 silly addNameRange     '4.9.1',
122 silly addNameRange     '4.9.2',
122 silly addNameRange     '3.17.3',
122 silly addNameRange     '4.9.3',
122 silly addNameRange     '3.17.4',
122 silly addNameRange     '4.9.4',
122 silly addNameRange     '3.17.5',
122 silly addNameRange     '4.9.5',
122 silly addNameRange     '3.17.6',
122 silly addNameRange     '3.17.7',
122 silly addNameRange     '4.9.6',
122 silly addNameRange     '4.9.7',
122 silly addNameRange     '3.17.8',
122 silly addNameRange     '4.9.8',
122 silly addNameRange     '3.18.0',
122 silly addNameRange     '3.18.1',
122 silly addNameRange     '4.10.0',
122 silly addNameRange     '3.18.2',
122 silly addNameRange     '4.10.1',
122 silly addNameRange     '5.0.0-alpha.1',
122 silly addNameRange     '3.18.3',
122 silly addNameRange     '4.10.2',
122 silly addNameRange     '3.18.4',
122 silly addNameRange     '4.10.3',
122 silly addNameRange     '4.10.4',
122 silly addNameRange     '4.10.5',
122 silly addNameRange     '3.18.5',
122 silly addNameRange     '3.18.6',
122 silly addNameRange     '4.10.6',
122 silly addNameRange     '4.10.7',
122 silly addNameRange     '3.19.0',
122 silly addNameRange     '4.10.8',
122 silly addNameRange     '4.11.0',
122 silly addNameRange     '3.19.1',
122 silly addNameRange     '4.11.1',
122 silly addNameRange     '3.19.2',
122 silly addNameRange     '4.11.2',
122 silly addNameRange     '3.20.0',
122 silly addNameRange     '4.12.0',
122 silly addNameRange     '3.20.1',
122 silly addNameRange     '4.12.1',
122 silly addNameRange     '4.12.2',
122 silly addNameRange     '3.20.2',
122 silly addNameRange     '4.12.3',
122 silly addNameRange     '3.20.3',
122 silly addNameRange     '4.12.4',
122 silly addNameRange     '3.21.0',
122 silly addNameRange     '4.13.0',
122 silly addNameRange     '3.21.1',
122 silly addNameRange     '4.13.1',
122 silly addNameRange     '5.0.0-alpha.2',
122 silly addNameRange     '3.21.2',
122 silly addNameRange     '4.13.2',
122 silly addNameRange     '4.13.3' ] ]
123 silly addNamed express@4.13.3
124 verbose addNamed "4.13.3" is a plain semver version for express
125 silly mapToRegistry name express
126 silly mapToRegistry using default registry
127 silly mapToRegistry registry https://registry.npmjs.org/
128 silly mapToRegistry uri https://registry.npmjs.org/express
129 verbose addRemoteTarball https://registry.npmjs.org/express/-/express-4.13.3.tgz not in flight; adding
130 verbose addRemoteTarball [ 'https://registry.npmjs.org/express/-/express-4.13.3.tgz',
130 verbose addRemoteTarball   'ddb2f1fb4502bf33598d2b032b037960ca6c80a3' ]
131 verbose afterAdd /home/vagrant/.npm/mongoose/3.9.7/package/package.json written
132 info retry fetch attempt 1 at 08:49:18
133 info attempt registry request try #1 at 08:49:18
134 http fetch GET https://registry.npmjs.org/express/-/express-4.13.3.tgz
135 silly cache afterAdd socket.io@1.0.6
136 verbose afterAdd /home/vagrant/.npm/socket.io/1.0.6/package/package.json not in flight; writing
137 verbose afterAdd /home/vagrant/.npm/socket.io/1.0.6/package/package.json written
138 http fetch 200 https://registry.npmjs.org/mongodb/-/mongodb-1.4.39.tgz
139 http fetch 200 https://registry.npmjs.org/express/-/express-4.13.3.tgz
140 silly fetchAndShaCheck shasum ddb2f1fb4502bf33598d2b032b037960ca6c80a3
141 verbose addTmpTarball /tmp/npm-3983-3a99ba2e/registry.npmjs.org/express/-/express-4.13.3.tgz not in flight; adding
142 verbose addTmpTarball already have metadata; skipping unpack for express@4.13.3
143 silly cache afterAdd express@4.13.3
144 verbose afterAdd /home/vagrant/.npm/express/4.13.3/package/package.json not in flight; writing
145 verbose afterAdd /home/vagrant/.npm/express/4.13.3/package/package.json written
146 silly fetchAndShaCheck shasum f5b25c7f7df06c968cd5d3c68280adc9a6404591
147 verbose addTmpTarball /tmp/npm-3983-3a99ba2e/registry.npmjs.org/mongodb/-/mongodb-1.4.39.tgz not in flight; adding
148 verbose addTmpTarball already have metadata; skipping unpack for mongodb@1.4.39
149 silly cache afterAdd mongodb@1.4.39
150 verbose afterAdd /home/vagrant/.npm/mongodb/1.4.39/package/package.json not in flight; writing
151 verbose afterAdd /home/vagrant/.npm/mongodb/1.4.39/package/package.json written
152 silly install resolved [ { name: 'mongoose',
152 silly install resolved     description: 'Mongoose MongoDB ODM',
152 silly install resolved     version: '3.9.7',
152 silly install resolved     author: { name: 'Guillermo Rauch', email: 'guillermo@learnboost.com' },
152 silly install resolved     keywords:
152 silly install resolved      [ 'mongodb',
152 silly install resolved        'document',
152 silly install resolved        'model',
152 silly install resolved        'schema',
152 silly install resolved        'database',
152 silly install resolved        'odm',
152 silly install resolved        'data',
152 silly install resolved        'datastore',
152 silly install resolved        'query',
152 silly install resolved        'nosql',
152 silly install resolved        'orm',
152 silly install resolved        'db' ],
152 silly install resolved     license: 'MIT',
152 silly install resolved     dependencies:
152 silly install resolved      { hooks: '0.3.2',
152 silly install resolved        mongodb: '1.4.12',
152 silly install resolved        ms: '0.1.0',
152 silly install resolved        sliced: '0.0.5',
152 silly install resolved        muri: '0.3.1',
152 silly install resolved        mpromise: '0.5.4',
152 silly install resolved        mpath: '0.1.1',
152 silly install resolved        kareem: '0.0.4',
152 silly install resolved        'regexp-clone': '0.0.1',
152 silly install resolved        mquery: '1.0.0',
152 silly install resolved        async: '0.9.0' },
152 silly install resolved     devDependencies:
152 silly install resolved      { acquit: '0.0.3',
152 silly install resolved        benchmark: '1.0.0',
152 silly install resolved        browserify: '4.1',
152 silly install resolved        co: '3.1.0',
152 silly install resolved        dox: '0.3.1',
152 silly install resolved        'highlight.js': '7.0.1',
152 silly install resolved        jade: '0.26.3',
152 silly install resolved        karma: '0.12.16',
152 silly install resolved        'karma-chai': '0.1.0',
152 silly install resolved        'karma-mocha': '0.1.4',
152 silly install resolved        'karma-chrome-launcher': '0.1.4',
152 silly install resolved        'karma-sauce-launcher': '0.2.8',
152 silly install resolved        markdown: '0.3.1',
152 silly install resolved        marked: '0.3.2',
152 silly install resolved        mocha: '1.20.0',
152 silly install resolved        'node-static': '0.5.9',
152 silly install resolved        open: '0.0.3',
152 silly install resolved        tbd: '0.6.4',
152 silly install resolved        'uglify-js': '2.4.15',
152 silly install resolved        underscore: '1.5.2' },
152 silly install resolved     directories: { lib: './lib/mongoose' },
152 silly install resolved     scripts: { test: 'set MONGOOSE_DISABLE_STABILITY_WARNING=1 && mocha --async-only test/*.test.js' },
152 silly install resolved     main: './index.js',
152 silly install resolved     engines: { node: '>=0.6.19' },
152 silly install resolved     bugs:
152 silly install resolved      { url: 'https://github.com/learnboost/mongoose/issues/new',
152 silly install resolved        email: 'mongoose-orm@googlegroups.com' },
152 silly install resolved     repository: { type: 'git', url: 'git://github.com/LearnBoost/mongoose.git' },
152 silly install resolved     publishConfig: { tag: 'unstable' },
152 silly install resolved     homepage: 'http://mongoosejs.com',
152 silly install resolved     browser: 'lib/browser.js',
152 silly install resolved     gitHead: '7e8bd5af7d2996eacc5f54b859906a9262614684',
152 silly install resolved     _id: 'mongoose@3.9.7',
152 silly install resolved     _shasum: 'b315e6ebe5cefcce3843504b791f038828048da6',
152 silly install resolved     _from: 'mongoose@>=3.8.12 <4.0.0',
152 silly install resolved     _npmVersion: '1.4.21',
152 silly install resolved     _npmUser: { name: 'vkarpov15', email: 'valkar207@gmail.com' },
152 silly install resolved     maintainers: [ [Object], [Object], [Object], [Object], [Object] ],
152 silly install resolved     dist:
152 silly install resolved      { shasum: 'b315e6ebe5cefcce3843504b791f038828048da6',
152 silly install resolved        tarball: 'http://registry.npmjs.org/mongoose/-/mongoose-3.9.7.tgz' },
152 silly install resolved     _resolved: 'https://registry.npmjs.org/mongoose/-/mongoose-3.9.7.tgz',
152 silly install resolved     readme: 'ERROR: No README data found!' },
152 silly install resolved   { name: 'socket.io',
152 silly install resolved     version: '1.0.6',
152 silly install resolved     description: 'node.js realtime framework server',
152 silly install resolved     keywords:
152 silly install resolved      [ 'realtime',
152 silly install resolved        'framework',
152 silly install resolved        'websocket',
152 silly install resolved        'tcp',
152 silly install resolved        'events',
152 silly install resolved        'socket',
152 silly install resolved        'io' ],
152 silly install resolved     repository: { type: 'git', url: 'git://github.com/LearnBoost/socket.io' },
152 silly install resolved     scripts: { test: 'make test' },
152 silly install resolved     dependencies:
152 silly install resolved      { 'engine.io': '1.3.1',
152 silly install resolved        'socket.io-parser': '2.2.0',
152 silly install resolved        'socket.io-client': '1.0.6',
152 silly install resolved        'socket.io-adapter': '0.2.0',
152 silly install resolved        'has-binary-data': '0.1.1',
152 silly install resolved        debug: '0.7.4' },
152 silly install resolved     devDependencies:
152 silly install resolved      { mocha: '1.16.2',
152 silly install resolved        'expect.js': '0.3.1',
152 silly install resolved        supertest: '0.8.2',
152 silly install resolved        superagent: '0.17.0',
152 silly install resolved        istanbul: '0.2.3' },
152 silly install resolved     contributors: [ [Object], [Object], [Object], [Object] ],
152 silly install resolved     gitHead: 'd99e30fca7feef20bd30508e0224c5d815ba0be9',
152 silly install resolved     bugs: { url: 'https://github.com/LearnBoost/socket.io/issues' },
152 silly install resolved     homepage: 'https://github.com/LearnBoost/socket.io',
152 silly install resolved     _id: 'socket.io@1.0.6',
152 silly install resolved     _shasum: 'b566532888dae3ac9058a12f294015ebdfa8084a',
152 silly install resolved     _from: 'socket.io@1.0.6',
152 silly install resolved     _npmVersion: '1.4.14',
152 silly install resolved     _npmUser: { name: 'rauchg', email: 'rauchg@gmail.com' },
152 silly install resolved     maintainers: [ [Object] ],
152 silly install resolved     dist:
152 silly install resolved      { shasum: 'b566532888dae3ac9058a12f294015ebdfa8084a',
152 silly install resolved        tarball: 'http://registry.npmjs.org/socket.io/-/socket.io-1.0.6.tgz' },
152 silly install resolved     directories: {},
152 silly install resolved     _resolved: 'https://registry.npmjs.org/socket.io/-/socket.io-1.0.6.tgz' },
152 silly install resolved   { name: 'express',
152 silly install resolved     description: 'Fast, unopinionated, minimalist web framework',
152 silly install resolved     version: '4.13.3',
152 silly install resolved     author: { name: 'TJ Holowaychuk', email: 'tj@vision-media.ca' },
152 silly install resolved     contributors:
152 silly install resolved      [ [Object],
152 silly install resolved        [Object],
152 silly install resolved        [Object],
152 silly install resolved        [Object],
152 silly install resolved        [Object],
152 silly install resolved        [Object],
152 silly install resolved        [Object] ],
152 silly install resolved     license: 'MIT',
152 silly install resolved     repository: { type: 'git', url: 'https://github.com/strongloop/express' },
152 silly install resolved     homepage: 'http://expressjs.com/',
152 silly install resolved     keywords:
152 silly install resolved      [ 'express',
152 silly install resolved        'framework',
152 silly install resolved        'sinatra',
152 silly install resolved        'web',
152 silly install resolved        'rest',
152 silly install resolved        'restful',
152 silly install resolved        'router',
152 silly install resolved        'app',
152 silly install resolved        'api' ],
152 silly install resolved     dependencies:
152 silly install resolved      { accepts: '~1.2.12',
152 silly install resolved        'array-flatten': '1.1.1',
152 silly install resolved        'content-disposition': '0.5.0',
152 silly install resolved        'content-type': '~1.0.1',
152 silly install resolved        cookie: '0.1.3',
152 silly install resolved        'cookie-signature': '1.0.6',
152 silly install resolved        debug: '~2.2.0',
152 silly install resolved        depd: '~1.0.1',
152 silly install resolved        'escape-html': '1.0.2',
152 silly install resolved        etag: '~1.7.0',
152 silly install resolved        finalhandler: '0.4.0',
152 silly install resolved        fresh: '0.3.0',
152 silly install resolved        'merge-descriptors': '1.0.0',
152 silly install resolved        methods: '~1.1.1',
152 silly install resolved        'on-finished': '~2.3.0',
152 silly install resolved        parseurl: '~1.3.0',
152 silly install resolved        'path-to-regexp': '0.1.7',
152 silly install resolved        'proxy-addr': '~1.0.8',
152 silly install resolved        qs: '4.0.0',
152 silly install resolved        'range-parser': '~1.0.2',
152 silly install resolved        send: '0.13.0',
152 silly install resolved        'serve-static': '~1.10.0',
152 silly install resolved        'type-is': '~1.6.6',
152 silly install resolved        'utils-merge': '1.0.0',
152 silly install resolved        vary: '~1.0.1' },
152 silly install resolved     devDependencies:
152 silly install resolved      { after: '0.8.1',
152 silly install resolved        ejs: '2.3.3',
152 silly install resolved        istanbul: '0.3.17',
152 silly install resolved        marked: '0.3.5',
152 silly install resolved        mocha: '2.2.5',
152 silly install resolved        should: '7.0.2',
152 silly install resolved        supertest: '1.0.1',
152 silly install resolved        'body-parser': '~1.13.3',
152 silly install resolved        'connect-redis': '~2.4.1',
152 silly install resolved        'cookie-parser': '~1.3.5',
152 silly install resolved        'cookie-session': '~1.2.0',
152 silly install resolved        'express-session': '~1.11.3',
152 silly install resolved        jade: '~1.11.0',
152 silly install resolved        'method-override': '~2.3.5',
152 silly install resolved        morgan: '~1.6.1',
152 silly install resolved        multiparty: '~4.1.2',
152 silly install resolved        vhost: '~3.0.1' },
152 silly install resolved     engines: { node: '>= 0.10.0' },
152 silly install resolved     files: [ 'LICENSE', 'History.md', 'Readme.md', 'index.js', 'lib/' ],
152 silly install resolved     scripts:
152 silly install resolved      { test: 'mocha --require test/support/env --reporter spec --bail --check-leaks test/ test/acceptance/',
152 silly install resolved        'test-ci': 'istanbul cover node_modules/mocha/bin/_mocha --report lcovonly -- --require test/support/env --reporter spec --check-leaks test/ test/acceptance/',
152 silly install resolved        'test-cov': 'istanbul cover node_modules/mocha/bin/_mocha -- --require test/support/env --reporter dot --check-leaks test/ test/acceptance/',
152 silly install resolved        'test-tap': 'mocha --require test/support/env --reporter tap --check-leaks test/ test/acceptance/' },
152 silly install resolved     gitHead: 'ef7ad681b245fba023843ce94f6bcb8e275bbb8e',
152 silly install resolved     bugs: { url: 'https://github.com/strongloop/express/issues' },
152 silly install resolved     _id: 'express@4.13.3',
152 silly install resolved     _shasum: 'ddb2f1fb4502bf33598d2b032b037960ca6c80a3',
152 silly install resolved     _from: 'express@>=4.4.4 <5.0.0',
152 silly install resolved     _npmVersion: '1.4.28',
152 silly install resolved     _npmUser: { name: 'dougwilson', email: 'doug@somethingdoug.com' },
152 silly install resolved     maintainers:
152 silly install resolved      [ [Object],
152 silly install resolved        [Object],
152 silly install resolved        [Object],
152 silly install resolved        [Object],
152 silly install resolved        [Object],
152 silly install resolved        [Object],
152 silly install resolved        [Object] ],
152 silly install resolved     dist:
152 silly install resolved      { shasum: 'ddb2f1fb4502bf33598d2b032b037960ca6c80a3',
152 silly install resolved        tarball: 'http://registry.npmjs.org/express/-/express-4.13.3.tgz' },
152 silly install resolved     directories: {},
152 silly install resolved     _resolved: 'https://registry.npmjs.org/express/-/express-4.13.3.tgz' },
152 silly install resolved   { name: 'mongodb',
152 silly install resolved     description: 'A node.js driver for MongoDB',
152 silly install resolved     keywords: [ 'mongodb', 'mongo', 'driver', 'db' ],
152 silly install resolved     version: '1.4.39',
152 silly install resolved     author: { name: 'Christian Amor Kvalheim', email: 'christkv@gmail.com' },
152 silly install resolved     contributors:
152 silly install resolved      [ [Object],
152 silly install resolved        [Object],
152 silly install resolved        [Object],
152 silly install resolved        [Object],
152 silly install resolved        [Object],
152 silly install resolved        [Object],
152 silly install resolved        [Object],
152 silly install resolved        [Object],
152 silly install resolved        [Object],
152 silly install resolved        [Object],
152 silly install resolved        [Object],
152 silly install resolved        [Object],
152 silly install resolved        [Object],
152 silly install resolved        [Object],
152 silly install resolved        [Object],
152 silly install resolved        [Object],
152 silly install resolved        [Object],
152 silly install resolved        [Object],
152 silly install resolved        [Object],
152 silly install resolved        [Object],
152 silly install resolved        [Object],
152 silly install resolved        [Object],
152 silly install resolved        [Object],
152 silly install resolved        [Object],
152 silly install resolved        [Object],
152 silly install resolved        [Object],
152 silly install resolved        [Object],
152 silly install resolved        [Object],
152 silly install resolved        [Object],
152 silly install resolved        [Object],
152 silly install resolved        [Object],
152 silly install resolved        [Object],
152 silly install resolved        [Object],
152 silly install resolved        [Object],
152 silly install resolved        [Object],
152 silly install resolved        [Object],
152 silly install resolved        [Object],
152 silly install resolved        [Object],
152 silly install resolved        [Object],
152 silly install resolved        [Object],
152 silly install resolved        [Object],
152 silly install resolved        [Object],
152 silly install resolved        [Object],
152 silly install resolved        [Object],
152 silly install resolved        [Object],
152 silly install resolved        [Object],
152 silly install resolved        [Object],
152 silly install resolved        [Object],
152 silly install resolved        [Object],
152 silly install resolved        [Object],
152 silly install resolved        [Object],
152 silly install resolved        [Object],
152 silly install resolved        [Object],
152 silly install resolved        [Object] ],
152 silly install resolved     repository:
152 silly install resolved      { type: 'git',
152 silly install resolved        url: 'http://github.com/mongodb/node-mongodb-native.git' },
152 silly install resolved     bugs: { url: 'http://github.com/mongodb/node-mongodb-native/issues' },
152 silly install resolved     dependencies: { bson: '~0.2', kerberos: '0.0.11', 'readable-stream': 'latest' },
152 silly install resolved     devDependencies:
152 silly install resolved      { dox: '0.4.4',
152 silly install resolved        'uglify-js': '1.2.5',
152 silly install resolved        ejs: '0.6.1',
152 silly install resolved        request: '2.12.0',
152 silly install resolved        nodeunit: '0.7.3',
152 silly install resolved        markdown: '0.3.1',
152 silly install resolved        integra: '0.1.8',
152 silly install resolved        optimist: 'latest',
152 silly install resolved        rimraf: '2.2.6',
152 silly install resolved        semver: '4.1.0',
152 silly install resolved        gleak: '0.5.0',
152 silly install resolved        'mongodb-tools': '~1.0',
152 silly install resolved        'mongodb-version-manager': '^0.7.1' },
152 silly install resolved     optionalDependencies: { kerberos: '0.0.11', 'readable-stream': 'latest' },
152 silly install resolved     config: { native: false },
152 silly install resolved     main: './lib/mongodb/index',
152 silly install resolved     homepage: 'http://mongodb.github.com/node-mongodb-native/',
152 silly install resolved     directories: { lib: './lib/mongodb' },
152 silly install resolved     engines: { node: '>=0.6.19' },
152 silly install resolved     scripts: { test: 'node test/runner.js -t functional' },
152 silly install resolved     licenses: [ [Object] ],
152 silly install resolved     gitHead: '62514af41e52a83116b6686ee36b8583dadde2ea',
152 silly install resolved     _id: 'mongodb@1.4.39',
152 silly install resolved     _shasum: 'f5b25c7f7df06c968cd5d3c68280adc9a6404591',
152 silly install resolved     _from: 'mongodb@>=1.4.7 <2.0.0',
152 silly install resolved     _npmVersion: '2.11.3',
152 silly install resolved     _nodeVersion: '2.3.3',
152 silly install resolved     _npmUser: { name: 'christkv', email: 'christkv@gmail.com' },
152 silly install resolved     maintainers: [ [Object] ],
152 silly install resolved     dist:
152 silly install resolved      { shasum: 'f5b25c7f7df06c968cd5d3c68280adc9a6404591',
152 silly install resolved        tarball: 'http://registry.npmjs.org/mongodb/-/mongodb-1.4.39.tgz' },
152 silly install resolved     _resolved: 'https://registry.npmjs.org/mongodb/-/mongodb-1.4.39.tgz' } ]
153 info install mongoose@3.9.7 into /vagrant/www/node
154 info install socket.io@1.0.6 into /vagrant/www/node
155 info install express@4.13.3 into /vagrant/www/node
156 info install mongodb@1.4.39 into /vagrant/www/node
157 info installOne mongoose@3.9.7
158 verbose installOne of mongoose to /vagrant/www/node not in flight; installing
159 info installOne socket.io@1.0.6
160 verbose installOne of socket.io to /vagrant/www/node not in flight; installing
161 info installOne express@4.13.3
162 verbose installOne of express to /vagrant/www/node not in flight; installing
163 info installOne mongodb@1.4.39
164 verbose installOne of mongodb to /vagrant/www/node not in flight; installing
165 warn locking Error: EACCES, open '/home/vagrant/.npm/_locks/mongoose-f3aba66c3d28a853.lock'
165 warn locking  /home/vagrant/.npm/_locks/mongoose-f3aba66c3d28a853.lock failed { [Error: EACCES, open '/home/vagrant/.npm/_locks/mongoose-f3aba66c3d28a853.lock']
165 warn locking   errno: 3,
165 warn locking   code: 'EACCES',
165 warn locking   path: '/home/vagrant/.npm/_locks/mongoose-f3aba66c3d28a853.lock' }
166 verbose stack Error: Attempt to unlock /vagrant/www/node/node_modules/mongoose, which hasn't been locked
166 verbose stack     at unlock (/usr/lib/node_modules/npm/lib/utils/locker.js:66:11)
166 verbose stack     at cb (/usr/lib/node_modules/npm/lib/install.js:1015:5)
166 verbose stack     at /usr/lib/node_modules/npm/lib/install.js:1019:20
166 verbose stack     at /usr/lib/node_modules/npm/lib/utils/locker.js:40:9
166 verbose stack     at cb (/usr/lib/node_modules/npm/node_modules/lockfile/lockfile.js:149:38)
166 verbose stack     at /usr/lib/node_modules/npm/node_modules/lockfile/lockfile.js:177:38
166 verbose stack     at Object.oncomplete (fs.js:108:15)
167 verbose cwd /vagrant/www/node
168 error Linux 3.2.0-23-generic
169 error argv "node" "/usr/bin/npm" "install"
170 error node v0.10.37
171 error npm  v2.9.0
172 error Attempt to unlock /vagrant/www/node/node_modules/mongoose, which hasn't been locked
173 error If you need help, you may report this error at:
173 error     <https://github.com/npm/npm/issues>
174 verbose exit [ 1, true ]
